-------------------------------------------------------------------------------
Test set: junit.UserLoginDAOTest
-------------------------------------------------------------------------------
Tests run: 2, Failures: 1, Errors: 0, Skipped: 0, Time elapsed: 0 sec <<< FAILURE!
junit.UserLoginDAOTest.testCheckUser()  Time elapsed: 0 sec  <<< FAILURE!
java.lang.NullPointerException
	at junit.UserLoginDAOTest.testCheckUser(UserLoginDAOTest.java:35)

